
sfp<5,5> 01010110010 -> +10101 10010 = 50
sfp<5,5> 11000010000 -> -10000 10000 = -1.5
sfp<5,5> 00000000000 -> +00000 00000 = 0
sfp<5,5> 10000000000 -> -00000 00000 = 0

sfp<5,5> 11000010000 -> -10000 10000 = -1.5
sfp<5,5> 11000010000 -> -10000 10000 = -1.5
sfp<5,5> 01000111100 -> +10001 11100 = 3.75
sfp<5,5> 10111110000 -> -01111 10000 = -0.75

sfp<5,5> 11000010000 -> -10000 10000 = -1.5
sfp<5,5> 11000010000 -> -10000 10000 = -1.5
sfp<5,5> 01000010000 -> +10000 10000 = 1.5
sfp<5,5> 11000010000 -> -10000 10000 = -1.5

sfp<5,5> 11000010000 -> -10000 10000 = -1.5
sfp<5,5> 11000010000 -> -10000 10000 = -1.5
sfp<5,5> 00111110000 -> +01111 10000 = 0.75
sfp<5,5> 11000111100 -> -10001 11100 = -3.75

sfp<5,5> 11000010011 -> -10000 10011 = -1.59375
sfp<5,5> 11000010011 -> -10000 10011 = -1.59375
sfp<5,5> 01001111110 -> +10011 11110 = 15.5
sfp<5,5> 00000000000 -> +00000 00000 = 0

sfp<5,5> 11000010100 -> -10000 10100 = -1.625
sfp<5,5> 11000010010 -> -10000 10010 = -1.5625
sfp<5,5> 01000110000 -> +10001 10000 = 3
sfp<5,5> 10111110000 -> -01111 10000 = -0.75

sfp<5,5> 11000010010 -> -10000 10010 = -1.5625
sfp<5,5> 11000010100 -> -10000 10100 = -1.625
sfp<5,5> 01000001000 -> +10000 01000 = 1.25
sfp<5,5> 11000010100 -> -10000 10100 = -1.625

sfp<5,5> 11000010100 -> -10000 10100 = -1.625
sfp<5,5> 11000010000 -> -10000 10000 = -1.5
sfp<5,5> 00111101000 -> +01111 01000 = 0.625
sfp<5,5> 11001001001 -> -10010 01001 = -5.125

sfp<5,5> 11000010010 -> -10000 10010 = -1.5625
sfp<5,5> 11000010110 -> -10000 10110 = -1.6875
sfp<5,5> 01001011110 -> +10010 11110 = 7.75
sfp<5,5> 10110110000 -> -01101 10000 = -0.1875

sfp<5,5> 11000010111 -> -10000 10111 = -1.71875
sfp<5,5> 11000010000 -> -10000 10000 = -1.5
sfp<5,5> 01000100100 -> +10001 00100 = 2.25
sfp<5,5> 10111111110 -> -01111 11110 = -0.96875

sfp<5,5> 11000010010 -> -10000 10010 = -1.5625
sfp<5,5> 11000010110 -> -10000 10110 = -1.6875
sfp<5,5> 01000000100 -> +10000 00100 = 1.125
sfp<5,5> 11000100111 -> -10001 00111 = -2.4375

sfp<5,5> 11000010101 -> -10000 10101 = -1.65625
sfp<5,5> 11000010011 -> -10000 10011 = -1.59375
sfp<5,5> 00110100000 -> +01101 00000 = 0.125
sfp<5,5> 11001011110 -> -10010 11110 = -7.75

sfp<5,5> 11000010000 -> -10000 10000 = -1.5
sfp<5,5> 11000010100 -> -10000 10100 = -1.625
sfp<5,5> 01001001000 -> +10010 01000 = 5
sfp<5,5> 10111100100 -> -01111 00100 = -0.5625

sfp<5,5> 11000010010 -> -10000 10010 = -1.5625
sfp<5,5> 11000010011 -> -10000 10011 = -1.59375
sfp<5,5> 01000010011 -> +10000 10011 = 1.59375
sfp<5,5> 11000000111 -> -10000 00111 = -1.21875

sfp<5,5> 11000010001 -> -10000 10001 = -1.53125
sfp<5,5> 11000010100 -> -10000 10100 = -1.625
sfp<5,5> 00111110000 -> +01111 10000 = 0.75
sfp<5,5> 11000101111 -> -10001 01111 = -2.9375

sfp<5,5> 11000010011 -> -10000 10011 = -1.59375
sfp<5,5> 11000010011 -> -10000 10011 = -1.59375
sfp<5,5> 10110100000 -> -01101 00000 = -0.125
sfp<5,5> 11001111101 -> -10011 11101 = -15.25
50   0i
-1.59375   15.5i
-1.5625   7.75i
-1.5   5i
-1.5   3.75i
-1.625   3i
-1.71875   2.25i
-1.5625   1.59375i
-1.5   1.5i
-1.5625   1.25i
-1.5625   1.125i
-1.53125   0.75i
-1.5   0.75i
-1.625   0.625i
-1.65625   0.125i
-1.59375   -0.125i
-1.5   0i
-1.59375   0i
-1.6875   -0.1875i
-1.625   -0.5625i
-1.5   -0.75i
-1.5625   -0.75i
-1.5   -0.96875i
-1.59375   -1.21875i
-1.5   -1.5i
-1.625   -1.625i
-1.6875   -2.4375i
-1.625   -2.9375i
-1.5   -3.75i
-1.5   -5.125i
-1.59375   -7.75i
-1.59375   -15.25i
