sfp<4,4> 010100100 -> +1010 0100 = 5
sfp<4,4> 110001001 -> -1000 1001 = -1.5625
sfp<4,4> 110001001 -> -1000 1001 = -1.5625
sfp<4,4> 110001001 -> -1000 1001 = -1.5625
sfp<4,4> 000000000 -> +0000 0000 = 0
sfp<4,4> 010001010 -> +1000 1010 = 1.625
sfp<4,4> 000000000 -> +0000 0000 = 0
sfp<4,4> 110001010 -> -1000 1010 = -1.625
sfp<4,4> 010100101 -> +1010 0101 = 5.25
sfp<4,4> 110000010 -> -1000 0010 = -1.125
sfp<4,4> 110000101 -> -1000 0101 = -1.3125
sfp<4,4> 110001111 -> -1000 1111 = -1.9375
sfp<4,4> 000000000 -> +0000 0000 = 0
sfp<4,4> 010001011 -> +1000 1011 = 1.6875
sfp<4,4> 001110010 -> +0111 0010 = 0.5625
sfp<4,4> 101101010 -> -0110 1010 = -0.40625
sfp<4,4> 010100111 -> +1010 0111 = 5.75
sfp<4,4> 101111010 -> -0111 1010 = -0.8125
sfp<4,4> 110000000 -> -1000 0000 = -1
sfp<4,4> 110001111 -> -1000 1111 = -1.9375
sfp<4,4> 000000000 -> +0000 0000 = 0
sfp<4,4> 010001111 -> +1000 1111 = 1.9375
sfp<4,4> 010000000 -> +1000 0000 = 1
sfp<4,4> 001111010 -> +0111 1010 = 0.8125
sfp<4,4> 010101001 -> +1010 1001 = 6.25
sfp<4,4> 101101100 -> -0110 1100 = -0.4375
sfp<4,4> 101110010 -> -0111 0010 = -0.5625
sfp<4,4> 110000011 -> -1000 0011 = -1.1875
sfp<4,4> 000000000 -> +0000 0000 = 0
sfp<4,4> 010010000 -> +1001 0000 = 2
sfp<4,4> 010000110 -> +1000 0110 = 1.375
sfp<4,4> 010001100 -> +1000 1100 = 1.75
sfp<4,4> 010101010 -> +1010 1010 = 6.5
sfp<4,4> 001000000 -> +0100 0000 = 0.0625
sfp<4,4> 100000000 -> -0000 0000 = 0
sfp<4,4> 101000000 -> -0100 0000 = -0.0625
sfp<4,4> 000000000 -> +0000 0000 = 0
sfp<4,4> 010010000 -> +1001 0000 = 2
sfp<4,4> 010001010 -> +1000 1010 = 1.625
sfp<4,4> 010010000 -> +1001 0000 = 2
sfp<4,4> 010101100 -> +1010 1100 = 7
sfp<4,4> 001110001 -> +0111 0001 = 0.53125
sfp<4,4> 001110100 -> +0111 0100 = 0.625
sfp<4,4> 010000010 -> +1000 0010 = 1.125
sfp<4,4> 000000000 -> +0000 0000 = 0
sfp<4,4> 010010000 -> +1001 0000 = 2
sfp<4,4> 010001000 -> +1000 1000 = 1.5
sfp<4,4> 010001101 -> +1000 1101 = 1.8125
sfp<4,4> 010101101 -> +1010 1101 = 7.25
sfp<4,4> 001111000 -> +0111 1000 = 0.75
sfp<4,4> 010000001 -> +1000 0001 = 1.0625
sfp<4,4> 010001111 -> +1000 1111 = 1.9375
sfp<4,4> 000000000 -> +0000 0000 = 0
sfp<4,4> 010001111 -> +1000 1111 = 1.9375
sfp<4,4> 010000001 -> +1000 0001 = 1.0625
sfp<4,4> 001111000 -> +0111 1000 = 0.75
sfp<4,4> 010101110 -> +1010 1110 = 7.5
sfp<4,4> 010000011 -> +1000 0011 = 1.1875
sfp<4,4> 010000110 -> +1000 0110 = 1.375
sfp<4,4> 010010000 -> +1001 0000 = 2
sfp<4,4> 000000000 -> +0000 0000 = 0
sfp<4,4> 010001100 -> +1000 1100 = 1.75
sfp<4,4> 001110010 -> +0111 0010 = 0.5625
sfp<4,4> 101101100 -> -0110 1100 = -0.4375
sfp<4,4> 011001000 -> +1100 1000 = 24
sfp<4,4> 110001000 -> -1000 1000 = -1.5
sfp<4,4> 110001000 -> -1000 1000 = -1.5
sfp<4,4> 110001000 -> -1000 1000 = -1.5
sfp<4,4> 000000000 -> +0000 0000 = 0
sfp<4,4> 010001000 -> +1000 1000 = 1.5
sfp<4,4> 000000000 -> +0000 0000 = 0
sfp<4,4> 110001000 -> -1000 1000 = -1.5
sfp<4,4> 011001001 -> +1100 1001 = 25
sfp<4,4> 101100110 -> -0110 0110 = -0.34375
sfp<4,4> 100000000 -> -0000 0000 = 0
sfp<4,4> 001100110 -> +0110 0110 = 0.34375
sfp<4,4> 000000000 -> +0000 0000 = 0
sfp<4,4> 010010000 -> +1001 0000 = 2
sfp<4,4> 010001000 -> +1000 1000 = 1.5
sfp<4,4> 010010000 -> +1001 0000 = 2
sfp<4,4> 110001000 -> -1000 1000 = -1.5
sfp<4,4> 110001001 -> -1000 1001 = -1.5625
sfp<4,4> 110000111 -> -1000 0111 = -1.4375
sfp<4,4> 110001010 -> -1000 1010 = -1.625
sfp<4,4> 110101101 -> -1010 1101 = -7.25
sfp<4,4> 010001111 -> +1000 1111 = 1.9375
sfp<4,4> 001100000 -> +0110 0000 = 0.25
sfp<4,4> 110000010 -> -1000 0010 = -1.125
sfp<4,4> 001011000 -> +0101 1000 = 0.1875
sfp<4,4> 001000000 -> +0100 0000 = 0.0625
sfp<4,4> 001000000 -> +0100 0000 = 0.0625
sfp<4,4> 001001000 -> +0100 1000 = 0.09375
sfp<4,4> 110101101 -> -1010 1101 = -7.25
sfp<4,4> 010010100 -> +1001 0100 = 2.5
sfp<4,4> 010000101 -> +1000 0101 = 1.3125
sfp<4,4> 010001100 -> +1000 1100 = 1.75
sfp<4,4> 110000111 -> -1000 0111 = -1.4375
sfp<4,4> 110000111 -> -1000 0111 = -1.4375
sfp<4,4> 110001010 -> -1000 1010 = -1.625
sfp<4,4> 110001010 -> -1000 1010 = -1.625
sfp<4,4> 110011101 -> -1001 1101 = -3.625
sfp<4,4> 010011101 -> +1001 1101 = 3.625
sfp<4,4> 001101100 -> +0110 1100 = 0.4375
sfp<4,4> 101101000 -> -0110 1000 = -0.375
sfp<4,4> 001010000 -> +0101 0000 = 0.125
sfp<4,4> 001011000 -> +0101 1000 = 0.1875
sfp<4,4> 101010000 -> -0101 0000 = -0.125
sfp<4,4> 001000000 -> +0100 0000 = 0.0625
sfp<4,4> 110011111 -> -1001 1111 = -3.875
sfp<4,4> 010011101 -> +1001 1101 = 3.625
sfp<4,4> 010001000 -> +1000 1000 = 1.5
sfp<4,4> 010000111 -> +1000 0111 = 1.4375
sfp<4,4> 110001001 -> -1000 1001 = -1.5625
sfp<4,4> 110001000 -> -1000 1000 = -1.5
sfp<4,4> 110001010 -> -1000 1010 = -1.625
sfp<4,4> 110000111 -> -1000 0111 = -1.4375
sfp<4,4> 110001111 -> -1000 1111 = -1.9375
sfp<4,4> 010101110 -> +1010 1110 = 7.5
sfp<4,4> 010000010 -> +1000 0010 = 1.125
sfp<4,4> 101100000 -> -0110 0000 = -0.25
sfp<4,4> 100000000 -> -0000 0000 = 0
sfp<4,4> 001010000 -> +0101 0000 = 0.125
sfp<4,4> 101010000 -> -0101 0000 = -0.125
sfp<4,4> 000000000 -> +0000 0000 = 0
sfp<4,4> 110010101 -> -1001 0101 = -2.625
sfp<4,4> 010101011 -> +1010 1011 = 6.75
sfp<4,4> 010001010 -> +1000 1010 = 1.625
sfp<4,4> 010000001 -> +1000 0001 = 1.0625
48   0i
-1.3125   -14.5i
-1.3125   -7.5i
-1.5625   -4.5i
-1.8125   3.5i
-1.5   4.25i
-1.25   7.25i
-1.375   14i
-1.5   1.5i
-1.375   1.5625i
-1.75   1.9375i
-1.75   2.75i
-1.125   0.5i
-1.5   0.625i
-1.5625   1.0625i
-1.4375   0.8125i
-1   0i
-1.6875   0i
-1.5625   0.25i
-1.5625   0.6875i
-1.125   -0.5i
-1.625   -0.5625i
-1.625   0i
-1.625   0.75i
-1.5   -1.5i
-1.5   -1.0625i
-1.5   -1.0625i
-1.5   -0.5i
-1.8125   -3.5i
-1.6875   -2.875i
-1.6875   -1.8125i
-1.4375   -1.3125i
